<?xml version="1.0" encoding="UTF-8"?>
<!-- Generated by org.testng.reporters.JUnitReportReporter -->
<testsuite hostname="Baek" failures="0" tests="1" name="Birdie_Squard_Script.NFT_Detail_Level_Fostering" time="59.027" errors="0" timestamp="2023-09-12T13:01:19 KST" skipped="0">
  <testcase classname="Birdie_Squard_Script.NFT_Detail_Level_Fostering" name="NFT_Detail_Level_Fostering_Test" time="59.027"/>
  <system-out/>
</testsuite> <!-- Birdie_Squard_Script.NFT_Detail_Level_Fostering -->
